<?xml version="1.0" encoding="UTF-8"?>
<!-- Generated by org.testng.reporters.JUnitReportReporter -->
<testsuite hostname="LAPTOP-PJ026AG2" failures="0" tests="3" name="Test.day3" time="0.003" errors="0" timestamp="2023-07-25T09:03:37 IST" skipped="0">
  <testcase classname="Test.day3" name="LoginAPIcarloan" time="0.001"/>
  <system-out/>
  <testcase classname="Test.day3" name="weblogincarloan" time="0.001"/>
  <system-out/>
  <testcase classname="Test.day3" name="Mobilecarloan" time="0.001"/>
  <system-out/>
</testsuite> <!-- Test.day3 -->
