<?xml version="1.0" encoding="UTF-8"?>
<!-- Generated by org.testng.reporters.JUnitReportReporter -->
<testsuite hostname="LAPTOP-PJ026AG2" failures="0" tests="2" name="Test.day1" time="0.004" errors="0" timestamp="2023-07-25T15:52:43 IST" skipped="0">
  <testcase classname="Test.day1" name="SecondTest" time="0.001"/>
  <system-out/>
  <testcase classname="Test.day1" name="Demo" time="0.003"/>
  <system-out/>
</testsuite> <!-- Test.day1 -->
