<?xml version="1.0" encoding="UTF-8"?>
<!-- Generated by org.testng.reporters.JUnitReportReporter -->
<testsuite hostname="LAPTOP-PJ026AG2" failures="0" tests="3" name="Test.day4" time="0.001" errors="0" timestamp="2023-07-25T15:52:43 IST" skipped="0">
  <testcase classname="Test.day4" name="webloginhomeloan" time="0.000"/>
  <system-out/>
  <testcase classname="Test.day4" name="Mobilehomeloan" time="0.000"/>
  <system-out/>
  <testcase classname="Test.day4" name="LoginAPIhomeloan" time="0.001"/>
  <system-out/>
</testsuite> <!-- Test.day4 -->
